{"/Users/yousseffel-masry/work/kortbaa/interview/kortbaa_test/src/data/use-cases/db-create-product.ts": {"path":"/Users/yousseffel-masry/work/kortbaa/interview/kortbaa_test/src/data/use-cases/db-create-product.ts","statementMap":{"0":{"start":{"line":5,"column":33},"end":{"line":5,"column":69}},"1":{"start":{"line":6,"column":4},"end":{"line":9,"column":null}},"2":{"start":{"line":7,"column":24},"end":{"line":7,"column":74}},"3":{"start":{"line":8,"column":8},"end":{"line":8,"column":23}},"4":{"start":{"line":4,"column":0},"end":{"line":4,"column":13}}},"fnMap":{"0":{"name":"(anonymous_0)","decl":{"start":{"line":5,"column":4},"end":{"line":5,"column":33}},"loc":{"start":{"line":5,"column":69},"end":{"line":5,"column":73}}},"1":{"name":"(anonymous_1)","decl":{"start":{"line":6,"column":14},"end":{"line":6,"column":19}},"loc":{"start":{"line":6,"column":84},"end":{"line":9,"column":5}}}},"branchMap":{},"s":{"0":2,"1":2,"2":2,"3":1,"4":2},"f":{"0":2,"1":2},"b":{}}
,"/Users/yousseffel-masry/work/kortbaa/interview/kortbaa_test/src/data/use-cases/db-create-user.ts": {"path":"/Users/yousseffel-masry/work/kortbaa/interview/kortbaa_test/src/data/use-cases/db-create-user.ts","statementMap":{"0":{"start":{"line":5,"column":33},"end":{"line":5,"column":63}},"1":{"start":{"line":6,"column":4},"end":{"line":9,"column":null}},"2":{"start":{"line":7,"column":21},"end":{"line":7,"column":65}},"3":{"start":{"line":8,"column":8},"end":{"line":8,"column":20}},"4":{"start":{"line":4,"column":0},"end":{"line":4,"column":13}}},"fnMap":{"0":{"name":"(anonymous_0)","decl":{"start":{"line":5,"column":4},"end":{"line":5,"column":33}},"loc":{"start":{"line":5,"column":63},"end":{"line":5,"column":67}}},"1":{"name":"(anonymous_1)","decl":{"start":{"line":6,"column":14},"end":{"line":6,"column":19}},"loc":{"start":{"line":6,"column":78},"end":{"line":9,"column":5}}}},"branchMap":{},"s":{"0":1,"1":1,"2":1,"3":1,"4":2},"f":{"0":1,"1":1},"b":{}}
,"/Users/yousseffel-masry/work/kortbaa/interview/kortbaa_test/src/data/use-cases/db-delete-product.ts": {"path":"/Users/yousseffel-masry/work/kortbaa/interview/kortbaa_test/src/data/use-cases/db-delete-product.ts","statementMap":{"0":{"start":{"line":5,"column":33},"end":{"line":5,"column":69}},"1":{"start":{"line":6,"column":4},"end":{"line":9,"column":null}},"2":{"start":{"line":7,"column":24},"end":{"line":7,"column":74}},"3":{"start":{"line":8,"column":8},"end":{"line":8,"column":23}},"4":{"start":{"line":4,"column":0},"end":{"line":4,"column":13}}},"fnMap":{"0":{"name":"(anonymous_0)","decl":{"start":{"line":5,"column":4},"end":{"line":5,"column":33}},"loc":{"start":{"line":5,"column":69},"end":{"line":5,"column":73}}},"1":{"name":"(anonymous_1)","decl":{"start":{"line":6,"column":14},"end":{"line":6,"column":19}},"loc":{"start":{"line":6,"column":84},"end":{"line":9,"column":5}}}},"branchMap":{},"s":{"0":0,"1":0,"2":0,"3":0,"4":2},"f":{"0":0,"1":0},"b":{}}
,"/Users/yousseffel-masry/work/kortbaa/interview/kortbaa_test/src/data/use-cases/db-get-user-products.ts": {"path":"/Users/yousseffel-masry/work/kortbaa/interview/kortbaa_test/src/data/use-cases/db-get-user-products.ts","statementMap":{"0":{"start":{"line":5,"column":33},"end":{"line":5,"column":73}},"1":{"start":{"line":6,"column":4},"end":{"line":9,"column":null}},"2":{"start":{"line":7,"column":25},"end":{"line":7,"column":79}},"3":{"start":{"line":8,"column":8},"end":{"line":8,"column":24}},"4":{"start":{"line":4,"column":0},"end":{"line":4,"column":13}}},"fnMap":{"0":{"name":"(anonymous_0)","decl":{"start":{"line":5,"column":4},"end":{"line":5,"column":33}},"loc":{"start":{"line":5,"column":73},"end":{"line":5,"column":77}}},"1":{"name":"(anonymous_1)","decl":{"start":{"line":6,"column":14},"end":{"line":6,"column":19}},"loc":{"start":{"line":6,"column":88},"end":{"line":9,"column":5}}}},"branchMap":{},"s":{"0":0,"1":0,"2":0,"3":0,"4":2},"f":{"0":0,"1":0},"b":{}}
,"/Users/yousseffel-masry/work/kortbaa/interview/kortbaa_test/src/data/use-cases/db-update-product.ts": {"path":"/Users/yousseffel-masry/work/kortbaa/interview/kortbaa_test/src/data/use-cases/db-update-product.ts","statementMap":{"0":{"start":{"line":5,"column":33},"end":{"line":5,"column":69}},"1":{"start":{"line":6,"column":4},"end":{"line":9,"column":null}},"2":{"start":{"line":7,"column":24},"end":{"line":7,"column":74}},"3":{"start":{"line":8,"column":8},"end":{"line":8,"column":23}},"4":{"start":{"line":4,"column":0},"end":{"line":4,"column":13}}},"fnMap":{"0":{"name":"(anonymous_0)","decl":{"start":{"line":5,"column":4},"end":{"line":5,"column":33}},"loc":{"start":{"line":5,"column":69},"end":{"line":5,"column":73}}},"1":{"name":"(anonymous_1)","decl":{"start":{"line":6,"column":14},"end":{"line":6,"column":19}},"loc":{"start":{"line":6,"column":84},"end":{"line":9,"column":5}}}},"branchMap":{},"s":{"0":0,"1":0,"2":0,"3":0,"4":2},"f":{"0":0,"1":0},"b":{}}
,"/Users/yousseffel-masry/work/kortbaa/interview/kortbaa_test/src/data/use-cases/db-user-login.ts": {"path":"/Users/yousseffel-masry/work/kortbaa/interview/kortbaa_test/src/data/use-cases/db-user-login.ts","statementMap":{"0":{"start":{"line":5,"column":33},"end":{"line":5,"column":61}},"1":{"start":{"line":6,"column":4},"end":{"line":9,"column":null}},"2":{"start":{"line":7,"column":21},"end":{"line":7,"column":63}},"3":{"start":{"line":8,"column":8},"end":{"line":8,"column":20}},"4":{"start":{"line":4,"column":0},"end":{"line":4,"column":13}}},"fnMap":{"0":{"name":"(anonymous_0)","decl":{"start":{"line":5,"column":4},"end":{"line":5,"column":33}},"loc":{"start":{"line":5,"column":61},"end":{"line":5,"column":65}}},"1":{"name":"(anonymous_1)","decl":{"start":{"line":6,"column":14},"end":{"line":6,"column":19}},"loc":{"start":{"line":6,"column":76},"end":{"line":9,"column":5}}}},"branchMap":{},"s":{"0":0,"1":0,"2":0,"3":0,"4":2},"f":{"0":0,"1":0},"b":{}}
,"/Users/yousseffel-masry/work/kortbaa/interview/kortbaa_test/src/data/use-cases/index.ts": {"path":"/Users/yousseffel-masry/work/kortbaa/interview/kortbaa_test/src/data/use-cases/index.ts","statementMap":{"0":{"start":{"line":1,"column":0},"end":{"line":1,"column":36}},"1":{"start":{"line":2,"column":0},"end":{"line":2,"column":33}},"2":{"start":{"line":3,"column":0},"end":{"line":3,"column":36}},"3":{"start":{"line":4,"column":0},"end":{"line":4,"column":39}},"4":{"start":{"line":5,"column":0},"end":{"line":5,"column":36}},"5":{"start":{"line":6,"column":0},"end":{"line":6,"column":32}}},"fnMap":{},"branchMap":{},"s":{"0":2,"1":2,"2":2,"3":2,"4":2,"5":2},"f":{},"b":{}}
,"/Users/yousseffel-masry/work/kortbaa/interview/kortbaa_test/tests/data/mocks/index.ts": {"path":"/Users/yousseffel-masry/work/kortbaa/interview/kortbaa_test/tests/data/mocks/index.ts","statementMap":{"0":{"start":{"line":1,"column":0},"end":{"line":1,"column":33}},"1":{"start":{"line":2,"column":0},"end":{"line":2,"column":30}}},"fnMap":{},"branchMap":{},"s":{"0":2,"1":2},"f":{},"b":{}}
,"/Users/yousseffel-masry/work/kortbaa/interview/kortbaa_test/tests/data/mocks/mock-db-product.ts": {"path":"/Users/yousseffel-masry/work/kortbaa/interview/kortbaa_test/tests/data/mocks/mock-db-product.ts","statementMap":{"0":{"start":{"line":2,"column":0},"end":{"line":2,"column":51}},"1":{"start":{"line":6,"column":4},"end":{"line":6,"column":27}},"2":{"start":{"line":7,"column":4},"end":{"line":10,"column":null}},"3":{"start":{"line":8,"column":8},"end":{"line":8,"column":29}},"4":{"start":{"line":9,"column":8},"end":{"line":9,"column":27}},"5":{"start":{"line":4,"column":0},"end":{"line":4,"column":13}},"6":{"start":{"line":15,"column":4},"end":{"line":20,"column":null}},"7":{"start":{"line":16,"column":8},"end":{"line":16,"column":29}},"8":{"start":{"line":17,"column":8},"end":{"line":19,"column":10}},"9":{"start":{"line":13,"column":0},"end":{"line":13,"column":13}},"10":{"start":{"line":25,"column":4},"end":{"line":25,"column":27}},"11":{"start":{"line":26,"column":4},"end":{"line":39,"column":null}},"12":{"start":{"line":27,"column":8},"end":{"line":27,"column":29}},"13":{"start":{"line":29,"column":8},"end":{"line":38,"column":10}},"14":{"start":{"line":23,"column":0},"end":{"line":23,"column":13}},"15":{"start":{"line":44,"column":4},"end":{"line":44,"column":29}},"16":{"start":{"line":45,"column":4},"end":{"line":48,"column":null}},"17":{"start":{"line":46,"column":8},"end":{"line":46,"column":29}},"18":{"start":{"line":47,"column":8},"end":{"line":47,"column":39}},"19":{"start":{"line":42,"column":0},"end":{"line":42,"column":13}}},"fnMap":{"0":{"name":"(anonymous_0)","decl":{"start":{"line":4,"column":0},"end":{"line":4,"column":13}},"loc":{"start":{"line":4,"column":0},"end":{"line":11,"column":1}}},"1":{"name":"(anonymous_1)","decl":{"start":{"line":7,"column":20},"end":{"line":7,"column":25}},"loc":{"start":{"line":7,"column":98},"end":{"line":10,"column":5}}},"2":{"name":"(anonymous_2)","decl":{"start":{"line":13,"column":0},"end":{"line":13,"column":13}},"loc":{"start":{"line":13,"column":0},"end":{"line":21,"column":1}}},"3":{"name":"(anonymous_3)","decl":{"start":{"line":15,"column":20},"end":{"line":15,"column":25}},"loc":{"start":{"line":15,"column":98},"end":{"line":20,"column":5}}},"4":{"name":"(anonymous_4)","decl":{"start":{"line":23,"column":0},"end":{"line":23,"column":13}},"loc":{"start":{"line":23,"column":0},"end":{"line":40,"column":1}}},"5":{"name":"(anonymous_5)","decl":{"start":{"line":26,"column":20},"end":{"line":26,"column":25}},"loc":{"start":{"line":26,"column":98},"end":{"line":39,"column":5}}},"6":{"name":"(anonymous_6)","decl":{"start":{"line":42,"column":0},"end":{"line":42,"column":13}},"loc":{"start":{"line":42,"column":0},"end":{"line":49,"column":1}}},"7":{"name":"(anonymous_7)","decl":{"start":{"line":45,"column":22},"end":{"line":45,"column":27}},"loc":{"start":{"line":45,"column":104},"end":{"line":48,"column":5}}}},"branchMap":{"0":{"loc":{"start":{"line":32,"column":22},"end":{"line":32,"column":65}},"type":"cond-expr","locations":[{"start":{"line":32,"column":38},"end":{"line":32,"column":40}},{"start":{"line":32,"column":40},"end":{"line":32,"column":65}}]},"1":{"loc":{"start":{"line":32,"column":22},"end":{"line":32,"column":40}},"type":"binary-expr","locations":[{"start":{"line":32,"column":22},"end":{"line":32,"column":40}},{"start":{"line":32,"column":38},"end":{"line":32,"column":40}}]},"2":{"loc":{"start":{"line":33,"column":23},"end":{"line":33,"column":68}},"type":"cond-expr","locations":[{"start":{"line":33,"column":40},"end":{"line":33,"column":42}},{"start":{"line":33,"column":42},"end":{"line":33,"column":68}}]},"3":{"loc":{"start":{"line":33,"column":23},"end":{"line":33,"column":42}},"type":"binary-expr","locations":[{"start":{"line":33,"column":23},"end":{"line":33,"column":42}},{"start":{"line":33,"column":40},"end":{"line":33,"column":42}}]},"4":{"loc":{"start":{"line":34,"column":23},"end":{"line":34,"column":68}},"type":"cond-expr","locations":[{"start":{"line":34,"column":40},"end":{"line":34,"column":42}},{"start":{"line":34,"column":42},"end":{"line":34,"column":68}}]},"5":{"loc":{"start":{"line":34,"column":23},"end":{"line":34,"column":42}},"type":"binary-expr","locations":[{"start":{"line":34,"column":23},"end":{"line":34,"column":42}},{"start":{"line":34,"column":40},"end":{"line":34,"column":42}}]}},"s":{"0":2,"1":2,"2":2,"3":1,"4":1,"5":2,"6":0,"7":0,"8":0,"9":2,"10":0,"11":0,"12":0,"13":0,"14":2,"15":0,"16":0,"17":0,"18":0,"19":2},"f":{"0":2,"1":1,"2":0,"3":0,"4":0,"5":0,"6":0,"7":0},"b":{"0":[0,0],"1":[0,0],"2":[0,0],"3":[0,0],"4":[0,0],"5":[0,0]}}
,"/Users/yousseffel-masry/work/kortbaa/interview/kortbaa_test/tests/data/mocks/mock-db-user.ts": {"path":"/Users/yousseffel-masry/work/kortbaa/interview/kortbaa_test/tests/data/mocks/mock-db-user.ts","statementMap":{"0":{"start":{"line":2,"column":0},"end":{"line":2,"column":48}},"1":{"start":{"line":6,"column":4},"end":{"line":6,"column":24}},"2":{"start":{"line":7,"column":4},"end":{"line":10,"column":null}},"3":{"start":{"line":8,"column":8},"end":{"line":8,"column":29}},"4":{"start":{"line":9,"column":8},"end":{"line":9,"column":32}},"5":{"start":{"line":4,"column":0},"end":{"line":4,"column":13}},"6":{"start":{"line":15,"column":4},"end":{"line":15,"column":24}},"7":{"start":{"line":16,"column":4},"end":{"line":19,"column":null}},"8":{"start":{"line":17,"column":8},"end":{"line":17,"column":29}},"9":{"start":{"line":18,"column":8},"end":{"line":18,"column":32}},"10":{"start":{"line":13,"column":0},"end":{"line":13,"column":13}}},"fnMap":{"0":{"name":"(anonymous_0)","decl":{"start":{"line":4,"column":0},"end":{"line":4,"column":13}},"loc":{"start":{"line":4,"column":0},"end":{"line":11,"column":1}}},"1":{"name":"(anonymous_1)","decl":{"start":{"line":7,"column":17},"end":{"line":7,"column":22}},"loc":{"start":{"line":7,"column":89},"end":{"line":10,"column":5}}},"2":{"name":"(anonymous_2)","decl":{"start":{"line":13,"column":0},"end":{"line":13,"column":13}},"loc":{"start":{"line":13,"column":0},"end":{"line":20,"column":1}}},"3":{"name":"(anonymous_3)","decl":{"start":{"line":16,"column":16},"end":{"line":16,"column":21}},"loc":{"start":{"line":16,"column":86},"end":{"line":19,"column":5}}}},"branchMap":{},"s":{"0":2,"1":1,"2":1,"3":1,"4":1,"5":2,"6":0,"7":0,"8":0,"9":0,"10":2},"f":{"0":1,"1":1,"2":0,"3":0},"b":{}}
,"/Users/yousseffel-masry/work/kortbaa/interview/kortbaa_test/tests/domain/mocks/index.ts": {"path":"/Users/yousseffel-masry/work/kortbaa/interview/kortbaa_test/tests/domain/mocks/index.ts","statementMap":{"0":{"start":{"line":1,"column":0},"end":{"line":1,"column":31}},"1":{"start":{"line":2,"column":0},"end":{"line":2,"column":28}}},"fnMap":{},"branchMap":{},"s":{"0":2,"1":2},"f":{},"b":{}}
,"/Users/yousseffel-masry/work/kortbaa/interview/kortbaa_test/tests/domain/mocks/mock-product.ts": {"path":"/Users/yousseffel-masry/work/kortbaa/interview/kortbaa_test/tests/domain/mocks/mock-product.ts","statementMap":{"0":{"start":{"line":3,"column":0},"end":{"line":3,"column":40}},"1":{"start":{"line":5,"column":39},"end":{"line":10,"column":2}},"2":{"start":{"line":5,"column":68},"end":{"line":10,"column":2}},"3":{"start":{"line":5,"column":13},"end":{"line":5,"column":39}},"4":{"start":{"line":12,"column":27},"end":{"line":21,"column":2}},"5":{"start":{"line":12,"column":56},"end":{"line":21,"column":2}},"6":{"start":{"line":12,"column":13},"end":{"line":12,"column":27}}},"fnMap":{"0":{"name":"(anonymous_0)","decl":{"start":{"line":5,"column":39},"end":{"line":5,"column":64}},"loc":{"start":{"line":5,"column":68},"end":{"line":10,"column":2}}},"1":{"name":"(anonymous_1)","decl":{"start":{"line":12,"column":27},"end":{"line":12,"column":52}},"loc":{"start":{"line":12,"column":56},"end":{"line":21,"column":2}}}},"branchMap":{},"s":{"0":2,"1":2,"2":0,"3":2,"4":2,"5":2,"6":2},"f":{"0":0,"1":2},"b":{}}
,"/Users/yousseffel-masry/work/kortbaa/interview/kortbaa_test/tests/domain/mocks/mock-user.ts": {"path":"/Users/yousseffel-masry/work/kortbaa/interview/kortbaa_test/tests/domain/mocks/mock-user.ts","statementMap":{"0":{"start":{"line":3,"column":0},"end":{"line":3,"column":40}},"1":{"start":{"line":5,"column":36},"end":{"line":9,"column":2}},"2":{"start":{"line":5,"column":62},"end":{"line":9,"column":2}},"3":{"start":{"line":5,"column":13},"end":{"line":5,"column":36}},"4":{"start":{"line":11,"column":24},"end":{"line":19,"column":2}},"5":{"start":{"line":11,"column":50},"end":{"line":19,"column":2}},"6":{"start":{"line":11,"column":13},"end":{"line":11,"column":24}}},"fnMap":{"0":{"name":"(anonymous_0)","decl":{"start":{"line":5,"column":36},"end":{"line":5,"column":58}},"loc":{"start":{"line":5,"column":62},"end":{"line":9,"column":2}}},"1":{"name":"(anonymous_1)","decl":{"start":{"line":11,"column":24},"end":{"line":11,"column":46}},"loc":{"start":{"line":11,"column":50},"end":{"line":19,"column":2}}}},"branchMap":{},"s":{"0":2,"1":2,"2":0,"3":2,"4":2,"5":1,"6":2},"f":{"0":0,"1":1},"b":{}}
}
